

============================== 2023-03-29 14:17:09.206349 | 102afd33-13ac-4aed-8494-e56457e1ba57 ==============================
14:17:09.206349 [info ] [MainThread]: Running with dbt=1.0.9
14:17:09.206827 [debug] [MainThread]: running dbt with arguments Namespace(record_timing_info=None, debug=None, log_format=None, write_json=None, use_colors=None, printer_width=None, warn_error=None, version_check=None, partial_parse=None, single_threaded=False, use_experimental_parser=None, static_parser=None, profiles_dir='/root/.dbt', send_anonymous_usage_stats=None, fail_fast=None, event_buffer_size=None, project_dir=None, profile=None, target=None, vars='{}', log_cache_events=False, project_name=None, skip_profile_setup=False, defer=None, state=None, cls=<class 'dbt.task.init.InitTask'>, which='init', rpc_method=None)
14:17:09.207135 [debug] [MainThread]: Tracking: tracking
14:17:09.212832 [debug] [MainThread]: Sending event: {'category': 'dbt', 'action': 'invocation', 'label': 'start', 'context': [<snowplow_tracker.self_describing_json.SelfDescribingJson object at 0x7fd134a04c70>, <snowplow_tracker.self_describing_json.SelfDescribingJson object at 0x7fd134a04dc0>, <snowplow_tracker.self_describing_json.SelfDescribingJson object at 0x7fd134a04d00>]}
14:19:24.999670 [debug] [MainThread]: Starter project path: /usr/local/lib/python3.9/site-packages/dbt/include/starter_project
14:24:14.806037 [info ] [MainThread]: Profile nyc_data written to /root/.dbt/profiles.yml using target's profile_template.yml and your supplied values. Run 'dbt debug' to validate the connection.
14:24:14.806709 [info ] [MainThread]: 
Your new dbt project "nyc_data" was created!

For more information on how to configure the profiles.yml file,
please consult the dbt documentation here:

  https://docs.getdbt.com/docs/configure-your-profile

One more thing:

Need help? Don't hesitate to reach out to us via GitHub issues or on Slack:

  https://community.getdbt.com/

Happy modeling!

14:24:14.807120 [debug] [MainThread]: Sending event: {'category': 'dbt', 'action': 'invocation', 'label': 'end', 'context': [<snowplow_tracker.self_describing_json.SelfDescribingJson object at 0x7fd134a04730>, <snowplow_tracker.self_describing_json.SelfDescribingJson object at 0x7fd134a04c70>, <snowplow_tracker.self_describing_json.SelfDescribingJson object at 0x7fd134a044c0>]}


============================== 2023-04-01 15:17:10.074952 | 015cce05-6ae2-493f-aa35-199a29956e37 ==============================
15:17:10.074952 [info ] [MainThread]: Running with dbt=1.0.9
15:17:10.076092 [debug] [MainThread]: running dbt with arguments Namespace(record_timing_info=None, debug=None, log_format=None, write_json=None, use_colors=None, printer_width=None, warn_error=None, version_check=None, partial_parse=None, single_threaded=False, use_experimental_parser=None, static_parser=None, profiles_dir='/root/.dbt', send_anonymous_usage_stats=None, fail_fast=None, event_buffer_size=None, project_dir=None, profile=None, target=None, vars='{}', log_cache_events=False, project_name=None, skip_profile_setup=False, defer=None, state=None, cls=<class 'dbt.task.init.InitTask'>, which='init', rpc_method=None)
15:17:10.076475 [debug] [MainThread]: Tracking: tracking
15:17:10.094747 [debug] [MainThread]: Sending event: {'category': 'dbt', 'action': 'invocation', 'label': 'start', 'context': [<snowplow_tracker.self_describing_json.SelfDescribingJson object at 0x7f43a2b53370>, <snowplow_tracker.self_describing_json.SelfDescribingJson object at 0x7f43a2b53220>, <snowplow_tracker.self_describing_json.SelfDescribingJson object at 0x7f43a2b532e0>]}
15:17:24.842212 [debug] [MainThread]: Sending event: {'category': 'dbt', 'action': 'invocation', 'label': 'end', 'context': [<snowplow_tracker.self_describing_json.SelfDescribingJson object at 0x7f43a2b53220>, <snowplow_tracker.self_describing_json.SelfDescribingJson object at 0x7f43a2b53490>, <snowplow_tracker.self_describing_json.SelfDescribingJson object at 0x7f43a2b531f0>]}
