

============================== 2023-03-29 11:36:24.806650 | 7ca23f18-1917-4950-a0a4-ebb527b12338 ==============================
[0m11:36:24.806650 [info ] [MainThread]: Running with dbt=1.4.5
[0m11:36:24.808803 [debug] [MainThread]: running dbt with arguments {'write_json': True, 'use_colors': True, 'printer_width': 80, 'version_check': True, 'partial_parse': True, 'static_parser': True, 'profiles_dir': '/home/samkons/.dbt', 'send_anonymous_usage_stats': True, 'quiet': False, 'no_print': False, 'cache_selected_only': False, 'project_name': 'nyc-taxi', 'skip_profile_setup': False, 'which': 'init', 'indirect_selection': 'eager'}
[0m11:36:24.809162 [debug] [MainThread]: Tracking: tracking
[0m11:36:24.815138 [debug] [MainThread]: Sending event: {'category': 'dbt', 'action': 'invocation', 'label': 'start', 'context': [<snowplow_tracker.self_describing_json.SelfDescribingJson object at 0x7f7a5b7023d0>, <snowplow_tracker.self_describing_json.SelfDescribingJson object at 0x7f7a57549b50>, <snowplow_tracker.self_describing_json.SelfDescribingJson object at 0x7f7a574edb20>]}
[0m11:36:24.816588 [info ] [MainThread]: Creating dbt configuration folder at /home/samkons/.dbt
[0m11:36:49.975335 [debug] [MainThread]: Starter project path: /home/samkons/anaconda3/envs/myenv/lib/python3.9/site-packages/dbt/include/starter_project
[0m11:46:02.743708 [debug] [MainThread]: Sending event: {'category': 'dbt', 'action': 'invocation', 'label': 'end', 'context': [<snowplow_tracker.self_describing_json.SelfDescribingJson object at 0x7f7a36546280>, <snowplow_tracker.self_describing_json.SelfDescribingJson object at 0x7f7a36546460>, <snowplow_tracker.self_describing_json.SelfDescribingJson object at 0x7f7a36546220>]}
[0m11:46:02.744551 [debug] [MainThread]: Flushing usage events
[0m11:46:03.152501 [error] [MainThread]: Encountered an error:

[0m11:46:03.158655 [error] [MainThread]: Traceback (most recent call last):
  File "/home/samkons/anaconda3/envs/myenv/lib/python3.9/site-packages/dbt/main.py", line 136, in main
    results, succeeded = handle_and_check(args)
  File "/home/samkons/anaconda3/envs/myenv/lib/python3.9/site-packages/dbt/main.py", line 206, in handle_and_check
    task, res = run_from_args(parsed)
  File "/home/samkons/anaconda3/envs/myenv/lib/python3.9/site-packages/dbt/main.py", line 253, in run_from_args
    results = task.run()
  File "/home/samkons/anaconda3/envs/myenv/lib/python3.9/site-packages/dbt/task/init.py", line 305, in run
    self.create_profile_from_target(adapter, profile_name=project_name)
  File "/home/samkons/anaconda3/envs/myenv/lib/python3.9/site-packages/dbt/task/init.py", line 180, in create_profile_from_target
    self.create_profile_from_profile_template(profile_template, profile_name)
  File "/home/samkons/anaconda3/envs/myenv/lib/python3.9/site-packages/dbt/task/init.py", line 164, in create_profile_from_profile_template
    target = self.generate_target_from_input(prompts, initial_target)
  File "/home/samkons/anaconda3/envs/myenv/lib/python3.9/site-packages/dbt/task/init.py", line 130, in generate_target_from_input
    target[key] = click.prompt(
  File "/home/samkons/anaconda3/envs/myenv/lib/python3.9/site-packages/click/termui.py", line 166, in prompt
    value = prompt_func(prompt)
  File "/home/samkons/anaconda3/envs/myenv/lib/python3.9/site-packages/click/termui.py", line 149, in prompt_func
    raise Abort() from None
click.exceptions.Abort



============================== 2023-03-29 11:46:08.333066 | 268cd4a6-08fa-49ea-bb2b-ca93e40138fe ==============================
[0m11:46:08.333066 [info ] [MainThread]: Running with dbt=1.4.5
[0m11:46:08.335034 [debug] [MainThread]: running dbt with arguments {'write_json': True, 'use_colors': True, 'printer_width': 80, 'version_check': True, 'partial_parse': True, 'static_parser': True, 'profiles_dir': '/home/samkons/.dbt', 'send_anonymous_usage_stats': True, 'quiet': False, 'no_print': False, 'cache_selected_only': False, 'project_name': 'nyc-taxi', 'skip_profile_setup': False, 'which': 'init', 'indirect_selection': 'eager'}
[0m11:46:08.335421 [debug] [MainThread]: Tracking: tracking
[0m11:46:08.341483 [debug] [MainThread]: Sending event: {'category': 'dbt', 'action': 'invocation', 'label': 'start', 'context': [<snowplow_tracker.self_describing_json.SelfDescribingJson object at 0x7f6a65b3ebe0>, <snowplow_tracker.self_describing_json.SelfDescribingJson object at 0x7f6a65adbbb0>, <snowplow_tracker.self_describing_json.SelfDescribingJson object at 0x7f6a65adbb80>]}
[0m11:46:18.486704 [info ] [MainThread]: A project called nyc_taxi already exists here.
[0m11:46:18.487510 [debug] [MainThread]: Sending event: {'category': 'dbt', 'action': 'invocation', 'label': 'end', 'context': [<snowplow_tracker.self_describing_json.SelfDescribingJson object at 0x7f6a65b3ed30>, <snowplow_tracker.self_describing_json.SelfDescribingJson object at 0x7f6a65adb340>, <snowplow_tracker.self_describing_json.SelfDescribingJson object at 0x7f6a65adbb80>]}
[0m11:46:18.487959 [debug] [MainThread]: Flushing usage events


============================== 2023-03-29 11:53:13.438646 | 8ae5e4f9-4049-490e-bdca-e311d3596433 ==============================
[0m11:53:13.438646 [info ] [MainThread]: Running with dbt=1.4.5
[0m11:53:13.440660 [debug] [MainThread]: running dbt with arguments {'write_json': True, 'use_colors': True, 'printer_width': 80, 'version_check': True, 'partial_parse': True, 'static_parser': True, 'profiles_dir': '/home/samkons/.dbt', 'send_anonymous_usage_stats': True, 'quiet': False, 'no_print': False, 'cache_selected_only': False, 'project_name': 'nyc_taxi', 'skip_profile_setup': False, 'which': 'init', 'indirect_selection': 'eager'}
[0m11:53:13.441035 [debug] [MainThread]: Tracking: tracking
[0m11:53:13.446490 [debug] [MainThread]: Sending event: {'category': 'dbt', 'action': 'invocation', 'label': 'start', 'context': [<snowplow_tracker.self_describing_json.SelfDescribingJson object at 0x7f632cea0be0>, <snowplow_tracker.self_describing_json.SelfDescribingJson object at 0x7f632ce3dbb0>, <snowplow_tracker.self_describing_json.SelfDescribingJson object at 0x7f632ce3db80>]}
[0m11:53:13.448731 [debug] [MainThread]: Starter project path: /home/samkons/anaconda3/envs/myenv/lib/python3.9/site-packages/dbt/include/starter_project
[0m11:58:05.578259 [info ] [MainThread]: Profile nyc_taxi written to /home/samkons/.dbt/profiles.yml using target's profile_template.yml and your supplied values. Run 'dbt debug' to validate the connection.
[0m11:58:05.579236 [info ] [MainThread]: 
Your new dbt project "nyc_taxi" was created!

For more information on how to configure the profiles.yml file,
please consult the dbt documentation here:

  https://docs.getdbt.com/docs/configure-your-profile

One more thing:

Need help? Don't hesitate to reach out to us via GitHub issues or on Slack:

  https://community.getdbt.com/

Happy modeling!

[0m11:58:05.579961 [debug] [MainThread]: Sending event: {'category': 'dbt', 'action': 'invocation', 'label': 'end', 'context': [<snowplow_tracker.self_describing_json.SelfDescribingJson object at 0x7f632cea0be0>, <snowplow_tracker.self_describing_json.SelfDescribingJson object at 0x7f632e2f8760>, <snowplow_tracker.self_describing_json.SelfDescribingJson object at 0x7f632e2f8670>]}
[0m11:58:05.580500 [debug] [MainThread]: Flushing usage events
